# JRE version: OpenJDK Runtime Environment (11.0.11+9) (build 11.0.11+9-b60-7590822)
# Java VM: OpenJDK 64-Bit Server VM (11.0.11+9-b60-7590822, mixed mode, tiered, compressed oops, g1 gc, windows-amd64)
Heap:
 garbage-first heap   total 253952K, used 65766K [0x0000000080000000, 0x0000000100000000)
  region size 1024K, 48 young (49152K), 7 survivors (7168K)
 Metaspace       used 38734K, capacity 39597K, committed 39888K, reserved 1083392K
  class space    used 4941K, capacity 5278K, committed 5376K, reserved 1048576K
GC Heap History (14 events):
Event: 1.549 GC heap before
{Heap before GC invocations=0 (full 0):
 garbage-first heap   total 253952K, used 19456K [0x0000000080000000, 0x0000000100000000)
  region size 1024K, 14 young (14336K), 0 survivors (0K)
 Metaspace       used 6737K, capacity 6925K, committed 7168K, reserved 1056768K
  class space    used 582K, capacity 650K, committed 768K, reserved 1048576K
}
Event: 1.596 GC heap after
{Heap after GC invocations=1 (full 0):
 garbage-first heap   total 253952K, used 7843K [0x0000000080000000, 0x0000000100000000)
  region size 1024K, 2 young (2048K), 2 survivors (2048K)
 Metaspace       used 6737K, capacity 6925K, committed 7168K, reserved 1056768K
  class space    used 582K, capacity 650K, committed 768K, reserved 1048576K
}
Event: 2.304 GC heap before
{Heap before GC invocations=1 (full 0):
 garbage-first heap   total 253952K, used 20131K [0x0000000080000000, 0x0000000100000000)
  region size 1024K, 14 young (14336K), 2 survivors (2048K)
 Metaspace       used 10278K, capacity 10553K, committed 10624K, reserved 1058816K
  class space    used 1070K, capacity 1139K, committed 1152K, reserved 1048576K
}
Event: 2.308 GC heap after
{Heap after GC invocations=2 (full 0):
 garbage-first heap   total 253952K, used 9539K [0x0000000080000000, 0x0000000100000000)
  region size 1024K, 2 young (2048K), 2 survivors (2048K)
 Metaspace       used 10278K, capacity 10553K, committed 10624K, reserved 1058816K
  class space    used 1070K, capacity 1139K, committed 1152K, reserved 1048576K
}
Event: 3.276 GC heap before
{Heap before GC invocations=2 (full 0):
 garbage-first heap   total 253952K, used 40259K [0x0000000080000000, 0x0000000100000000)
  region size 1024K, 32 young (32768K), 2 survivors (2048K)
 Metaspace       used 11238K, capacity 11508K, committed 11776K, reserved 1060864K
  class space    used 1173K, capacity 1244K, committed 1280K, reserved 1048576K
}
Event: 3.281 GC heap after
{Heap after GC invocations=3 (full 0):
 garbage-first heap   total 253952K, used 11532K [0x0000000080000000, 0x0000000100000000)
  region size 1024K, 4 young (4096K), 4 survivors (4096K)
 Metaspace       used 11238K, capacity 11508K, committed 11776K, reserved 1060864K
  class space    used 1173K, capacity 1244K, committed 1280K, reserved 1048576K
}
Event: 7.500 GC heap before
{Heap before GC invocations=3 (full 0):
 garbage-first heap   total 253952K, used 56588K [0x0000000080000000, 0x0000000100000000)
  region size 1024K, 48 young (49152K), 4 survivors (4096K)
 Metaspace       used 18363K, capacity 18803K, committed 19072K, reserved 1067008K
  class space    used 2189K, capacity 2319K, committed 2432K, reserved 1048576K
}
Event: 7.514 GC heap after
{Heap after GC invocations=4 (full 0):
 garbage-first heap   total 253952K, used 16619K [0x0000000080000000, 0x0000000100000000)
  region size 1024K, 6 young (6144K), 6 survivors (6144K)
 Metaspace       used 18363K, capacity 18803K, committed 19072K, reserved 1067008K
  class space    used 2189K, capacity 2319K, committed 2432K, reserved 1048576K
}
Event: 8.242 GC heap before
{Heap before GC invocations=4 (full 0):
 garbage-first heap   total 253952K, used 36075K [0x0000000080000000, 0x0000000100000000)
  region size 1024K, 26 young (26624K), 6 survivors (6144K)
 Metaspace       used 20649K, capacity 21104K, committed 21296K, reserved 1069056K
  class space    used 2532K, capacity 2660K, committed 2688K, reserved 1048576K
}
Event: 8.254 GC heap after
{Heap after GC invocations=5 (full 0):
 garbage-first heap   total 253952K, used 16918K [0x0000000080000000, 0x0000000100000000)
  region size 1024K, 5 young (5120K), 5 survivors (5120K)
 Metaspace       used 20649K, capacity 21104K, committed 21296K, reserved 1069056K
  class space    used 2532K, capacity 2660K, committed 2688K, reserved 1048576K
}
Event: 9.781 GC heap before
{Heap before GC invocations=6 (full 0):
 garbage-first heap   total 253952K, used 68118K [0x0000000080000000, 0x0000000100000000)
  region size 1024K, 55 young (56320K), 5 survivors (5120K)
 Metaspace       used 26031K, capacity 26636K, committed 26752K, reserved 1073152K
  class space    used 3397K, capacity 3617K, committed 3712K, reserved 1048576K
}
Event: 9.796 GC heap after
{Heap after GC invocations=7 (full 0):
 garbage-first heap   total 253952K, used 19272K [0x0000000080000000, 0x0000000100000000)
  region size 1024K, 3 young (3072K), 3 survivors (3072K)
 Metaspace       used 26031K, capacity 26636K, committed 26752K, reserved 1073152K
  class space    used 3397K, capacity 3617K, committed 3712K, reserved 1048576K
}
Event: 14.373 GC heap before
{Heap before GC invocations=7 (full 0):
 garbage-first heap   total 253952K, used 79688K [0x0000000080000000, 0x0000000100000000)
  region size 1024K, 63 young (64512K), 3 survivors (3072K)
 Metaspace       used 35113K, capacity 35910K, committed 36048K, reserved 1081344K
  class space    used 4563K, capacity 4863K, committed 4864K, reserved 1048576K
}
Event: 14.398 GC heap after
{Heap after GC invocations=8 (full 0):
 garbage-first heap   total 253952K, used 22758K [0x0000000080000000, 0x0000000100000000)
  region size 1024K, 7 young (7168K), 7 survivors (7168K)
 Metaspace       used 35113K, capacity 35910K, committed 36048K, reserved 1081344K
  class space    used 4563K, capacity 4863K, committed 4864K, reserved 1048576K
}

